[debug] [2024-09-29T17:34:34.526Z] ----------------------------------------------------------------------
[debug] [2024-09-29T17:34:34.529Z] Command:       C:\Program Files\nodejs\node.exe C:\Users\Tobi\AppData\Roaming\npm\node_modules\firebase-tools\lib\bin\firebase.js deploy
[debug] [2024-09-29T17:34:34.530Z] CLI Version:   13.1.0
[debug] [2024-09-29T17:34:34.530Z] Platform:      win32
[debug] [2024-09-29T17:34:34.530Z] Node Version:  v20.11.0
[debug] [2024-09-29T17:34:34.530Z] Time:          Sun Sep 29 2024 19:34:34 GMT+0200 (Mitteleuropäische Sommerzeit)
[debug] [2024-09-29T17:34:34.530Z] ----------------------------------------------------------------------
[debug] 
[debug] [2024-09-29T17:34:34.539Z] >>> [apiv2][query] GET https://firebase-public.firebaseio.com/cli.json [none]
[debug] [2024-09-29T17:34:34.856Z] > command requires scopes: ["email","openid","https://www.googleapis.com/auth/cloudplatformprojects.readonly","https://www.googleapis.com/auth/firebase","https://www.googleapis.com/auth/cloud-platform"]
[debug] [2024-09-29T17:34:34.856Z] > authorizing via signed-in user (froehlichtobias2002@gmail.com)
[debug] [2024-09-29T17:34:34.856Z] [iam] checking project breathhold3000 for permissions ["datastore.indexes.create","datastore.indexes.delete","datastore.indexes.list","datastore.indexes.update","firebase.projects.get","firebasehosting.sites.update"]
[debug] [2024-09-29T17:34:34.858Z] > refreshing access token with scopes: []
[debug] [2024-09-29T17:34:34.864Z] >>> [apiv2][query] POST https://www.googleapis.com/oauth2/v3/token [none]
[debug] [2024-09-29T17:34:34.865Z] >>> [apiv2][body] POST https://www.googleapis.com/oauth2/v3/token [omitted]
[debug] [2024-09-29T17:34:35.033Z] <<< [apiv2][status] POST https://www.googleapis.com/oauth2/v3/token 200
[debug] [2024-09-29T17:34:35.033Z] <<< [apiv2][body] POST https://www.googleapis.com/oauth2/v3/token [omitted]
[debug] [2024-09-29T17:34:35.041Z] >>> [apiv2][query] POST https://cloudresourcemanager.googleapis.com/v1/projects/breathhold3000:testIamPermissions [none]
[debug] [2024-09-29T17:34:35.041Z] >>> [apiv2][(partial)header] POST https://cloudresourcemanager.googleapis.com/v1/projects/breathhold3000:testIamPermissions x-goog-quota-user=projects/breathhold3000
[debug] [2024-09-29T17:34:35.042Z] >>> [apiv2][body] POST https://cloudresourcemanager.googleapis.com/v1/projects/breathhold3000:testIamPermissions {"permissions":["datastore.indexes.create","datastore.indexes.delete","datastore.indexes.list","datastore.indexes.update","firebase.projects.get","firebasehosting.sites.update"]}
[debug] [2024-09-29T17:34:35.209Z] <<< [apiv2][status] GET https://firebase-public.firebaseio.com/cli.json 200
[debug] [2024-09-29T17:34:35.209Z] <<< [apiv2][body] GET https://firebase-public.firebaseio.com/cli.json {"cloudBuildErrorAfter":1594252800000,"cloudBuildWarnAfter":1590019200000,"defaultNode10After":1594252800000,"minVersion":"3.0.5","node8DeploysDisabledAfter":1613390400000,"node8RuntimeDisabledAfter":1615809600000,"node8WarnAfter":1600128000000}
